2025-05-06T12:32:56.077-0400 [INFO]  raft: initial configuration: index=0 servers=[]
2025-05-06T12:32:56.078-0400 [INFO]  raft: entering follower state: follower="Node at 172.17.7.103:9001 [Follower]" leader-address= leader-id=
[server] 2025/05/06 12:32:56 Attempting to join cluster at argo-01:8000 as node argo-03:8001 with Raft address argo-03:9001
2025-05-06T12:32:56.081-0400 [WARN]  raft: failed to get previous log: previous-index=4 last-index=0 error="log not found"
[server] 2025/05/06 12:32:56 Successfully joined cluster.
[server] 2025/05/06 12:32:56 Listening for client RPC connections on argo-03:8001
2025-05-06T12:39:59.136-0400 [INFO]  raft: starting snapshot up to: index=36381
2025-05-06T12:39:59.136-0400 [INFO]  snapshot: creating new snapshot: path=raft_data/8558538-1/snapshots/2-36381-1746549599136.tmp
2025-05-06T12:39:59.151-0400 [INFO]  raft: compacting logs: from=1 to=26141
2025-05-06T12:39:59.167-0400 [INFO]  raft: snapshot complete up to: index=36381
2025-05-06T13:11:34.425-0400 [INFO]  raft: starting snapshot up to: index=93578
2025-05-06T13:11:34.425-0400 [INFO]  snapshot: creating new snapshot: path=raft_data/8558538-1/snapshots/2-93578-1746551494425.tmp
2025-05-06T13:11:34.440-0400 [INFO]  raft: compacting logs: from=26142 to=83338
2025-05-06T13:11:34.576-0400 [INFO]  raft: snapshot complete up to: index=93578
2025-05-06T13:15:02.118-0400 [INFO]  raft: starting snapshot up to: index=155125
2025-05-06T13:15:02.118-0400 [INFO]  snapshot: creating new snapshot: path=raft_data/8558538-1/snapshots/2-155125-1746551702118.tmp
2025-05-06T13:15:02.133-0400 [INFO]  snapshot: reaping snapshot: path=raft_data/8558538-1/snapshots/2-36381-1746549599136
2025-05-06T13:15:02.139-0400 [INFO]  raft: compacting logs: from=83339 to=144885
2025-05-06T13:15:02.169-0400 [INFO]  raft: snapshot complete up to: index=155125
2025-05-06T13:18:38.003-0400 [INFO]  raft: starting snapshot up to: index=217994
2025-05-06T13:18:38.003-0400 [INFO]  snapshot: creating new snapshot: path=raft_data/8558538-1/snapshots/2-217994-1746551918003.tmp
2025-05-06T13:18:38.017-0400 [INFO]  snapshot: reaping snapshot: path=raft_data/8558538-1/snapshots/2-93578-1746551494425
2025-05-06T13:18:38.022-0400 [INFO]  raft: compacting logs: from=144886 to=207754
2025-05-06T13:18:38.068-0400 [INFO]  raft: snapshot complete up to: index=217994
slurmstepd: error: *** STEP 8558538.1 ON argo-03 CANCELLED AT 2025-05-06T13:38:59 ***
