2025-05-05T03:32:29.373-0400 [INFO]  raft: initial configuration: index=0 servers=[]
2025-05-05T03:32:29.373-0400 [INFO]  raft: entering follower state: follower="Node at 172.17.7.146:9002 [Follower]" leader-address= leader-id=
[server] 2025/05/05 03:32:29 Attempting to join cluster at argo-44:8000 as node argo-46:8002 with Raft address argo-46:9002
2025-05-05T03:32:29.378-0400 [WARN]  raft: failed to get previous log: previous-index=4 last-index=0 error="log not found"
[server] 2025/05/05 03:32:29 Successfully joined cluster.
[server] 2025/05/05 03:32:29 Listening for client RPC connections on argo-46:8002
2025-05-05T03:38:47.773-0400 [INFO]  raft: starting snapshot up to: index=19341
2025-05-05T03:38:47.773-0400 [INFO]  snapshot: creating new snapshot: path=raft_data/8528925-2/snapshots/2-19341-1746430727773.tmp
2025-05-05T03:38:47.788-0400 [INFO]  raft: compacting logs: from=1 to=9105
2025-05-05T03:38:47.792-0400 [INFO]  raft: snapshot complete up to: index=19341
2025-05-05T03:41:31.551-0400 [INFO]  raft: starting snapshot up to: index=89853
2025-05-05T03:41:31.551-0400 [INFO]  snapshot: creating new snapshot: path=raft_data/8528925-2/snapshots/2-89853-1746430891551.tmp
2025-05-05T03:41:31.567-0400 [INFO]  raft: compacting logs: from=9106 to=79623
2025-05-05T03:41:31.605-0400 [INFO]  raft: snapshot complete up to: index=89853
2025-05-05T03:44:53.745-0400 [INFO]  raft: starting snapshot up to: index=205355
2025-05-05T03:44:53.745-0400 [INFO]  snapshot: creating new snapshot: path=raft_data/8528925-2/snapshots/2-205355-1746431093745.tmp
2025-05-05T03:44:53.765-0400 [INFO]  snapshot: reaping snapshot: path=raft_data/8528925-2/snapshots/2-19341-1746430727773
2025-05-05T03:44:53.771-0400 [INFO]  raft: compacting logs: from=79624 to=195120
2025-05-05T03:44:53.856-0400 [INFO]  raft: snapshot complete up to: index=205355
2025-05-05T03:47:05.812-0400 [INFO]  raft: starting snapshot up to: index=221536
2025-05-05T03:47:05.812-0400 [INFO]  snapshot: creating new snapshot: path=raft_data/8528925-2/snapshots/2-221536-1746431225812.tmp
2025-05-05T03:47:05.827-0400 [INFO]  snapshot: reaping snapshot: path=raft_data/8528925-2/snapshots/2-89853-1746430891551
2025-05-05T03:47:05.834-0400 [INFO]  raft: compacting logs: from=195121 to=211306
2025-05-05T03:47:05.845-0400 [INFO]  raft: snapshot complete up to: index=221536
2025-05-05T03:49:40.742-0400 [INFO]  raft: starting snapshot up to: index=274748
2025-05-05T03:49:40.742-0400 [INFO]  snapshot: creating new snapshot: path=raft_data/8528925-2/snapshots/2-274748-1746431380742.tmp
2025-05-05T03:49:40.757-0400 [INFO]  snapshot: reaping snapshot: path=raft_data/8528925-2/snapshots/2-205355-1746431093745
2025-05-05T03:49:40.763-0400 [INFO]  raft: compacting logs: from=211307 to=264519
2025-05-05T03:49:40.793-0400 [INFO]  raft: snapshot complete up to: index=274748
2025-05-05T03:53:09.360-0400 [INFO]  raft: starting snapshot up to: index=388784
2025-05-05T03:53:09.360-0400 [INFO]  snapshot: creating new snapshot: path=raft_data/8528925-2/snapshots/2-388784-1746431589360.tmp
2025-05-05T03:53:09.374-0400 [INFO]  snapshot: reaping snapshot: path=raft_data/8528925-2/snapshots/2-221536-1746431225812
2025-05-05T03:53:09.379-0400 [INFO]  raft: compacting logs: from=264520 to=378559
2025-05-05T03:53:09.460-0400 [INFO]  raft: snapshot complete up to: index=388784
2025-05-05T03:55:58.916-0400 [INFO]  raft: starting snapshot up to: index=453337
2025-05-05T03:55:58.916-0400 [INFO]  snapshot: creating new snapshot: path=raft_data/8528925-2/snapshots/2-453337-1746431758916.tmp
2025-05-05T03:55:58.932-0400 [INFO]  snapshot: reaping snapshot: path=raft_data/8528925-2/snapshots/2-274748-1746431380742
2025-05-05T03:55:58.937-0400 [INFO]  raft: compacting logs: from=378560 to=443097
2025-05-05T03:55:58.983-0400 [INFO]  raft: snapshot complete up to: index=453337
slurmstepd: error: *** STEP 8528925.2 ON argo-46 CANCELLED AT 2025-05-05T04:52:31 DUE TO TIME LIMIT ***
